<?xml version="1.0" encoding="UTF-8" ?>
<testsuite errors="0" failures="0" name="org.jasig.cas.authentication.principal.UsernamePasswordCredentialsTests" tests="2" time="0.01">
  <properties>
    <property name="file.encoding.pkg" value="sun.io"></property>
    <property name="maven.compile.debug" value="on"></property>
    <property name="maven.property.inheritance" value="true"></property>
    <property name="maven.multichanges.basedir" value="C:\opt\eclipse\workspace\cas3"></property>
    <property name="java.home" value="C:\j2sdk1.4.2_05\jre"></property>
    <property name="maven.distBuildIndicator" value="DIST_BUILD_DIRECTORY"></property>
    <property name="context" value="org.apache.maven.jelly.MavenJellyContext@1d9e282"></property>
    <property name="maven.dashboard.aggregators" value="cserrors,cswarnings,clovertpc,cloverloc,cloverncloc,junittests,junitfailures,juniterrors,junitpassrate,simiantdl"></property>
    <property name="maven.plugin.unpacked.dir" value="C:\Documents and Settings\Scott/.maven/cache"></property>
    <property name="java.endorsed.dirs" value="C:\j2sdk1.4.2_05\lib\endorsed;c:\opt\maven\1.0.2\lib\endorsed"></property>
    <property name="maven.conf.dir" value="C:\opt\eclipse\workspace\cas3\core/conf"></property>
    <property name="org.apache.commons.jelly.ant.Project" value="org.apache.commons.grant.GrantProject@6504bc"></property>
    <property name="maven.xdoc.includeProjectDocumentation" value="yes"></property>
    <property name="maven.docs.omitXmlDeclaration" value="false"></property>
    <property name="maven.clover.license.path" value="C:\opt\eclipse\workspace\cas3/lib/clover/clover.license"></property>
    <property name="maven.xdoc.version" value="3.0-m1"></property>
    <property name="sun.os.patch.level" value="Service Pack 2"></property>
    <property name="java.vendor.url" value="http://java.sun.com/"></property>
    <property name="maven.build.dir" value="C:\opt\eclipse\workspace\cas3\core/target"></property>
    <property name="java.version" value="1.4.2_05"></property>
    <property name="maven.remote.group" value="acegisecurity"></property>
    <property name="maven.dashboard.runreactor" value="false"></property>
    <property name="maven.dashboard.basedir" value="C:\opt\eclipse\workspace\cas3"></property>
    <property name="maven.multiproject.navigation" value="aggregate"></property>
    <property name="maven.multiproject.overviewPage.title" value="Overview of projects"></property>
    <property name="java.vendor.url.bug" value="http://java.sun.com/cgi-bin/bugreport.cgi"></property>
    <property name="maven.junit.jvm" value=""></property>
    <property name="rootdir" value="C:\opt\eclipse\workspace\cas3"></property>
    <property name="user.name" value="Scott"></property>
    <property name="sun.io.unicode.encoding" value="UnicodeLittle"></property>
    <property name="maven.junit.printSummary" value="true"></property>
    <property name="sourcesPresent" value="true"></property>
    <property name="java.runtime.name" value="Java(TM) 2 Runtime Environment, Standard Edition"></property>
    <property name="maven.xdoc.date.format" value="dd MMMM yyyy"></property>
    <property name="maven.multiproject.type" value="jar"></property>
    <property name="java.specification.name" value="Java Platform API Specification"></property>
    <property name="user.timezone" value="America/New_York"></property>
    <property name="maven.xdoc.poweredby.title" value="Built by Maven"></property>
    <property name="maven.ssh.executable" value="ssh"></property>
    <property name="path.separator" value=";"></property>
    <property name="maven.multiproject.overviewPage.text" value=""></property>
    <property name="maven.xdoc.pomDocuments" value="cvs-usage.xml,index.xml,maven-reports.xml,dependencies.xml,issue-tracking.xml,mail-lists.xml,project-info.xml,team-list.xml,downloads.jelly"></property>
    <property name="file.encoding" value="Cp1252"></property>
    <property name="maven.antlr.target.dir" value="C:\opt\eclipse\workspace\cas3\core/target/antlr"></property>
    <property name="maven.ant.excludeTests" value="**/*Tests.java"></property>
    <property name="maven.jar.mainclass" value=""></property>
    <property name="systemScope" value="{java.runtime.name=Java(TM) 2 Runtime Environment, Standard Edition, sun.boot.library.path=C:\j2sdk1.4.2_05\jre\bin, java.vm.version=1.4.2_05-b04, java.vm.vendor=Sun Microsystems Inc., java.vendor.url=http://java.sun.com/, path.separator=;, java.vm.name=Java HotSpot(TM) Client VM, file.encoding.pkg=sun.io, user.country=US, sun.os.patch.level=Service Pack 2, java.vm.specification.name=Java Virtual Machine Specification, user.dir=C:\opt\eclipse\workspace\cas3, java.runtime.version=1.4.2_05-b04, forehead.conf.file=c:\opt\maven\1.0.2\bin\forehead.conf, java.awt.graphicsenv=sun.awt.Win32GraphicsEnvironment, java.endorsed.dirs=C:\j2sdk1.4.2_05\lib\endorsed;c:\opt\maven\1.0.2\lib\endorsed, os.arch=x86, java.io.tmpdir=C:\DOCUME~1\Scott\LOCALS~1\Temp\, line.separator=
, java.vm.specification.vendor=Sun Microsystems Inc., user.variant=, os.name=Windows XP, sun.java2d.fontpath=, tools.jar=C:\j2sdk1.4.2_05\lib\tools.jar, javax.xml.parsers.SAXParserFactory=org.apache.xerces.jaxp.SAXParserFactoryImpl, java.library.path=C:\j2sdk1.4.2_05\bin;.;C:\WINDOWS\system32;C:\WINDOWS;C:\WINDOWS\system32;C:\WINDOWS;C:\WINDOWS\System32\Wbem;C:\Program Files\Common Files\Adaptec Shared\System;C:\Program Files\SSH Communications Security\SSH Secure Shell;c:\php;c:\j2sdk1.4.2_05\bin;c:\opt\maven\1.0.2\bin, java.specification.name=Java Platform API Specification, java.class.version=48.0, java.util.prefs.PreferencesFactory=java.util.prefs.WindowsPreferencesFactory, os.version=5.1, user.home=C:\Documents and Settings\Scott, user.timezone=America/New_York, java.awt.printerjob=sun.awt.windows.WPrinterJob, file.encoding=Cp1252, java.specification.version=1.4, java.class.path=c:\opt\maven\1.0.2\lib\forehead-1.0-beta-5.jar, user.name=Scott, java.vm.specification.version=1.0, java.home=C:\j2sdk1.4.2_05\jre, sun.arch.data.model=32, user.language=en, java.specification.vendor=Sun Microsystems Inc., awt.toolkit=sun.awt.windows.WToolkit, java.vm.info=mixed mode, java.version=1.4.2_05, java.ext.dirs=C:\j2sdk1.4.2_05\jre\lib\ext, sun.boot.class.path=c:\opt\maven\1.0.2\lib\endorsed\xerces-2.4.0.jar;c:\opt\maven\1.0.2\lib\endorsed\xml-apis-1.0.b2.jar;C:\j2sdk1.4.2_05\jre\lib\rt.jar;C:\j2sdk1.4.2_05\jre\lib\i18n.jar;C:\j2sdk1.4.2_05\jre\lib\sunrsasign.jar;C:\j2sdk1.4.2_05\jre\lib\jsse.jar;C:\j2sdk1.4.2_05\jre\lib\jce.jar;C:\j2sdk1.4.2_05\jre\lib\charsets.jar;C:\j2sdk1.4.2_05\jre\classes, javax.xml.parsers.DocumentBuilderFactory=org.apache.xerces.jaxp.DocumentBuilderFactoryImpl, java.vendor=Sun Microsystems Inc., maven.home=c:\opt\maven\1.0.2, file.separator=\, java.vendor.url.bug=http://java.sun.com/cgi-bin/bugreport.cgi, sun.io.unicode.encoding=UnicodeLittle, sun.cpu.endian=little, sun.cpu.isalist=pentium i486 i386}"></property>
    <property name="maven.junit.dir" value="C:\opt\eclipse\workspace\cas3\core"></property>
    <property name="maven.xdoc.poweredby.image" value="maven-button-1.png"></property>
    <property name="maven.multiproject.overviewPage.link" value="projects-overview"></property>
    <property name="maven.multiproject.excludes" value=""></property>
    <property name="maven.jar.index" value="false"></property>
    <property name="maven.dashboard.rungoals" value="false"></property>
    <property name="java.io.tmpdir" value="C:\DOCUME~1\Scott\LOCALS~1\Temp\"></property>
    <property name="user.language" value="en"></property>
    <property name="maven.xdoc.date" value="left"></property>
    <property name="line.separator" value="
"></property>
    <property name="maven.repo.local" value="C:\Documents and Settings\Scott/.maven/repository"></property>
    <property name="maven.repo.acegi" value="sftp://shell.sourceforge.net"></property>
    <property name="maven.plugin.user.dir" value="C:\Documents and Settings\Scott/.maven/plugins"></property>
    <property name="maven.artifact.manifest.basedir" value="/plugin-resources/templates"></property>
    <property name="maven.junit.fork" value="no "></property>
    <property name="maven.junit.usefile" value="true"></property>
    <property name="maven.multiproject.ignoreFailures" value="false"></property>
    <property name="maven.junit.format" value="brief"></property>
    <property name="maven.compile.optimize" value="off"></property>
    <property name="java.vm.info" value="mixed mode"></property>
    <property name="maven.repo.remote.enabled" value="true"></property>
    <property name="java.util.prefs.PreferencesFactory" value="java.util.prefs.WindowsPreferencesFactory"></property>
    <property name="java.vm.specification.name" value="Java Virtual Machine Specification"></property>
    <property name="maven.repo.acegi.directory" value="/home/groups/a/ac/acegisecurity/htdocs/maven"></property>
    <property name="maven.repo.list" value="cas"></property>
    <property name="maven.emacsModeOn" value="false"></property>
    <property name="maven.build.dest" value="C:\opt\eclipse\workspace\cas3\core/target/classes"></property>
    <property name="maven.multiproject.basedir" value="C:\opt\eclipse\workspace\cas3"></property>
    <property name="maven.multiproject.overviewPage.create" value="true"></property>
    <property name="maven.jar.manifest.extensions.add" value="false"></property>
    <property name="maven.compile.deprecation" value="off"></property>
    <property name="maven.xdoc.projectInfo" value="cvs-usage.xml,dependencies.xml,issue-tracking.xml,mail-lists.xml,project-info.xml,team-list.xml,downloads.jelly"></property>
    <property name="parentScope" value="{java.vendor=org.apache.commons.jelly.expression.ConstantExpression@718242[value=Sun Microsystems Inc.], maven.compile.source=org.apache.commons.jelly.expression.ConstantExpression@1ec58a[value=1.4], os.name=org.apache.commons.jelly.expression.ConstantExpression@3afb99[value=Windows XP], sun.boot.class.path=org.apache.commons.jelly.expression.ConstantExpression@5c3987[value=c:\opt\maven\1.0.2\lib\endorsed\xerces-2.4.0.jar;c:\opt\maven\1.0.2\lib\endorsed\xml-apis-1.0.b2.jar;C:\j2sdk1.4.2_05\jre\lib\rt.jar;C:\j2sdk1.4.2_05\jre\lib\i18n.jar;C:\j2sdk1.4.2_05\jre\lib\sunrsasign.jar;C:\j2sdk1.4.2_05\jre\lib\jsse.jar;C:\j2sdk1.4.2_05\jre\lib\jce.jar;C:\j2sdk1.4.2_05\jre\lib\charsets.jar;C:\j2sdk1.4.2_05\jre\classes], maven.clover.report.xml=org.apache.commons.jelly.expression.ConstantExpression@c4d04d[value=true], maven.distBuildDirectory=org.apache.commons.jelly.expression.CompositeExpression@147917a[expressions=[org.apache.commons.jelly.expression.jexl.JexlExpressionFactory$ExpressionSupportLocal@19fe451[expression:basedir], org.apache.commons.jelly.expression.ConstantExpression@46b90a[value=/target]]], tools.jar=org.apache.commons.jelly.expression.ConstantExpression@11e67ac[value=C:\j2sdk1.4.2_05\lib\tools.jar], java.vm.specification.vendor=org.apache.commons.jelly.expression.ConstantExpression@1284fd4[value=Sun Microsystems Inc.], sun.java2d.fontpath=org.apache.commons.jelly.expression.ConstantExpression@190ef12[value=], java.runtime.version=org.apache.commons.jelly.expression.ConstantExpression@3f96ee[value=1.4.2_05-b04], maven.repo.remote.enabled=org.apache.commons.jelly.expression.ConstantExpression@ce16ad[value=true], maven.xdoc.version=org.apache.commons.jelly.expression.jexl.JexlExpressionFactory$ExpressionSupportLocal@32bd65[expression:pom.currentVersion], systemScope={java.runtime.name=Java(TM) 2 Runtime Environment, Standard Edition, sun.boot.library.path=C:\j2sdk1.4.2_05\jre\bin, java.vm.version=1.4.2_05-b04, java.vm.vendor=Sun Microsystems Inc., java.vendor.url=http://java.sun.com/, path.separator=;, java.vm.name=Java HotSpot(TM) Client VM, file.encoding.pkg=sun.io, user.country=US, sun.os.patch.level=Service Pack 2, java.vm.specification.name=Java Virtual Machine Specification, user.dir=C:\opt\eclipse\workspace\cas3, java.runtime.version=1.4.2_05-b04, forehead.conf.file=c:\opt\maven\1.0.2\bin\forehead.conf, java.awt.graphicsenv=sun.awt.Win32GraphicsEnvironment, java.endorsed.dirs=C:\j2sdk1.4.2_05\lib\endorsed;c:\opt\maven\1.0.2\lib\endorsed, os.arch=x86, java.io.tmpdir=C:\DOCUME~1\Scott\LOCALS~1\Temp\, line.separator=
, java.vm.specification.vendor=Sun Microsystems Inc., user.variant=, os.name=Windows XP, sun.java2d.fontpath=, tools.jar=C:\j2sdk1.4.2_05\lib\tools.jar, javax.xml.parsers.SAXParserFactory=org.apache.xerces.jaxp.SAXParserFactoryImpl, java.library.path=C:\j2sdk1.4.2_05\bin;.;C:\WINDOWS\system32;C:\WINDOWS;C:\WINDOWS\system32;C:\WINDOWS;C:\WINDOWS\System32\Wbem;C:\Program Files\Common Files\Adaptec Shared\System;C:\Program Files\SSH Communications Security\SSH Secure Shell;c:\php;c:\j2sdk1.4.2_05\bin;c:\opt\maven\1.0.2\bin, java.specification.name=Java Platform API Specification, java.class.version=48.0, java.util.prefs.PreferencesFactory=java.util.prefs.WindowsPreferencesFactory, os.version=5.1, user.home=C:\Documents and Settings\Scott, user.timezone=America/New_York, java.awt.printerjob=sun.awt.windows.WPrinterJob, file.encoding=Cp1252, java.specification.version=1.4, java.class.path=c:\opt\maven\1.0.2\lib\forehead-1.0-beta-5.jar, user.name=Scott, java.vm.specification.version=1.0, java.home=C:\j2sdk1.4.2_05\jre, sun.arch.data.model=32, user.language=en, java.specification.vendor=Sun Microsystems Inc., awt.toolkit=sun.awt.windows.WToolkit, java.vm.info=mixed mode, java.version=1.4.2_05, java.ext.dirs=C:\j2sdk1.4.2_05\jre\lib\ext, sun.boot.class.path=c:\opt\maven\1.0.2\lib\endorsed\xerces-2.4.0.jar;c:\opt\maven\1.0.2\lib\endorsed\xml-apis-1.0.b2.jar;C:\j2sdk1.4.2_05\jre\lib\rt.jar;C:\j2sdk1.4.2_05\jre\lib\i18n.jar;C:\j2sdk1.4.2_05\jre\lib\sunrsasign.jar;C:\j2sdk1.4.2_05\jre\lib\jsse.jar;C:\j2sdk1.4.2_05\jre\lib\jce.jar;C:\j2sdk1.4.2_05\jre\lib\charsets.jar;C:\j2sdk1.4.2_05\jre\classes, javax.xml.parsers.DocumentBuilderFactory=org.apache.xerces.jaxp.DocumentBuilderFactoryImpl, java.vendor=Sun Microsystems Inc., maven.home=c:\opt\maven\1.0.2, file.separator=\, java.vendor.url.bug=http://java.sun.com/cgi-bin/bugreport.cgi, sun.io.unicode.encoding=UnicodeLittle, sun.cpu.endian=little, sun.cpu.isalist=pentium i486 i386}, maven.multiproject.basedir=org.apache.commons.jelly.expression.jexl.JexlExpressionFactory$ExpressionSupportLocal@130633a[expression:rootdir], user.name=org.apache.commons.jelly.expression.ConstantExpression@1c286e2[value=Scott], maven.compile.debug=org.apache.commons.jelly.expression.ConstantExpression@257f1b[value=on], maven.repo.local=org.apache.commons.jelly.expression.CompositeExpression@1bbdd48[expressions=[org.apache.commons.jelly.expression.jexl.JexlExpressionFactory$ExpressionSupportLocal@bcb23e[expression:maven.home.local], org.apache.commons.jelly.expression.ConstantExpression@5a3923[value=/repository]]], maven.defaults.loaded=org.apache.commons.jelly.expression.ConstantExpression@15d616e[value=true], javax.xml.parsers.SAXParserFactory=org.apache.commons.jelly.expression.ConstantExpression@1a7b0bf[value=org.apache.xerces.jaxp.SAXParserFactoryImpl], maven.docs.omitXmlDeclaration=org.apache.commons.jelly.expression.ConstantExpression@44f787[value=false], user.language=org.apache.commons.jelly.expression.ConstantExpression@1d6fbb3[value=en], sun.boot.library.path=org.apache.commons.jelly.expression.ConstantExpression@126d3df[value=C:\j2sdk1.4.2_05\jre\bin], maven.war.src=org.apache.commons.jelly.expression.CompositeExpression@2016b0[expressions=[org.apache.commons.jelly.expression.jexl.JexlExpressionFactory$ExpressionSupportLocal@b1a4e2[expression:basedir], org.apache.commons.jelly.expression.ConstantExpression@c00025[value=/webapp]]], maven.build.dest=org.apache.commons.jelly.expression.CompositeExpression@149a794[expressions=[org.apache.commons.jelly.expression.jexl.JexlExpressionFactory$ExpressionSupportLocal@9903f4[expression:maven.build.dir], org.apache.commons.jelly.expression.ConstantExpression@1d2b9b7[value=/classes]]], maven.dashboard.aggregators=org.apache.commons.jelly.expression.ConstantExpression@19ecd80[value=cserrors,cswarnings,clovertpc,cloverloc,cloverncloc,junittests,junitfailures,juniterrors,junitpassrate,simiantdl], maven.plugin.user.dir=org.apache.commons.jelly.expression.CompositeExpression@c5aa00[expressions=[org.apache.commons.jelly.expression.jexl.JexlExpressionFactory$ExpressionSupportLocal@11c0d60[expression:maven.home.local], org.apache.commons.jelly.expression.ConstantExpression@b23d12[value=/plugins]]], java.version=org.apache.commons.jelly.expression.ConstantExpression@1c783c5[value=1.4.2_05], user.timezone=org.apache.commons.jelly.expression.ConstantExpression@19c0bd6[value=America/New_York], parentScope={maven.session=org.apache.maven.MavenSession@174d93a, java.vendor=org.apache.commons.jelly.expression.ConstantExpression@2f8b5a[value=Sun Microsystems Inc.], maven.compile.source=org.apache.commons.jelly.expression.ConstantExpression@165c7f6[value=1.4], os.name=org.apache.commons.jelly.expression.ConstantExpression@12aea3e[value=Windows XP], sun.boot.class.path=org.apache.commons.jelly.expression.ConstantExpression@78bc3b[value=c:\opt\maven\1.0.2\lib\endorsed\xerces-2.4.0.jar;c:\opt\maven\1.0.2\lib\endorsed\xml-apis-1.0.b2.jar;C:\j2sdk1.4.2_05\jre\lib\rt.jar;C:\j2sdk1.4.2_05\jre\lib\i18n.jar;C:\j2sdk1.4.2_05\jre\lib\sunrsasign.jar;C:\j2sdk1.4.2_05\jre\lib\jsse.jar;C:\j2sdk1.4.2_05\jre\lib\jce.jar;C:\j2sdk1.4.2_05\jre\lib\charsets.jar;C:\j2sdk1.4.2_05\jre\classes], maven.clover.report.xml=org.apache.commons.jelly.expression.ConstantExpression@8ddc4c[value=true], maven.distBuildDirectory=org.apache.commons.jelly.expression.CompositeExpression@17a1767[expressions=[org.apache.commons.jelly.expression.jexl.JexlExpressionFactory$ExpressionSupportLocal@968fda[expression:basedir], org.apache.commons.jelly.expression.ConstantExpression@be41ec[value=/target]]], tools.jar=org.apache.commons.jelly.expression.ConstantExpression@da2cef[value=C:\j2sdk1.4.2_05\lib\tools.jar], java.vm.specification.vendor=org.apache.commons.jelly.expression.ConstantExpression@1bc16f0[value=Sun Microsystems Inc.], sun.java2d.fontpath=org.apache.commons.jelly.expression.ConstantExpression@18622f3[value=], java.runtime.version=org.apache.commons.jelly.expression.ConstantExpression@160877b[value=1.4.2_05-b04], maven.repo.remote.enabled=org.apache.commons.jelly.expression.ConstantExpression@5eb489[value=true], maven.xdoc.version=org.apache.commons.jelly.expression.jexl.JexlExpressionFactory$ExpressionSupportLocal@19ec4ed[expression:pom.currentVersion], systemScope={java.runtime.name=Java(TM) 2 Runtime Environment, Standard Edition, sun.boot.library.path=C:\j2sdk1.4.2_05\jre\bin, java.vm.version=1.4.2_05-b04, java.vm.vendor=Sun Microsystems Inc., java.vendor.url=http://java.sun.com/, path.separator=;, java.vm.name=Java HotSpot(TM) Client VM, file.encoding.pkg=sun.io, user.country=US, sun.os.patch.level=Service Pack 2, java.vm.specification.name=Java Virtual Machine Specification, user.dir=C:\opt\eclipse\workspace\cas3, java.runtime.version=1.4.2_05-b04, forehead.conf.file=c:\opt\maven\1.0.2\bin\forehead.conf, java.awt.graphicsenv=sun.awt.Win32GraphicsEnvironment, java.endorsed.dirs=C:\j2sdk1.4.2_05\lib\endorsed;c:\opt\maven\1.0.2\lib\endorsed, os.arch=x86, java.io.tmpdir=C:\DOCUME~1\Scott\LOCALS~1\Temp\, line.separator=
, java.vm.specification.vendor=Sun Microsystems Inc., user.variant=, os.name=Windows XP, sun.java2d.fontpath=, tools.jar=C:\j2sdk1.4.2_05\lib\tools.jar, javax.xml.parsers.SAXParserFactory=org.apache.xerces.jaxp.SAXParserFactoryImpl, java.library.path=C:\j2sdk1.4.2_05\bin;.;C:\WINDOWS\system32;C:\WINDOWS;C:\WINDOWS\system32;C:\WINDOWS;C:\WINDOWS\System32\Wbem;C:\Program Files\Common Files\Adaptec Shared\System;C:\Program Files\SSH Communications Security\SSH Secure Shell;c:\php;c:\j2sdk1.4.2_05\bin;c:\opt\maven\1.0.2\bin, java.specification.name=Java Platform API Specification, java.class.version=48.0, java.util.prefs.PreferencesFactory=java.util.prefs.WindowsPreferencesFactory, os.version=5.1, user.home=C:\Documents and Settings\Scott, user.timezone=America/New_York, java.awt.printerjob=sun.awt.windows.WPrinterJob, file.encoding=Cp1252, java.specification.version=1.4, java.class.path=c:\opt\maven\1.0.2\lib\forehead-1.0-beta-5.jar, user.name=Scott, java.vm.specification.version=1.0, java.home=C:\j2sdk1.4.2_05\jre, sun.arch.data.model=32, user.language=en, java.specification.vendor=Sun Microsystems Inc., awt.toolkit=sun.awt.windows.WToolkit, java.vm.info=mixed mode, java.version=1.4.2_05, java.ext.dirs=C:\j2sdk1.4.2_05\jre\lib\ext, sun.boot.class.path=c:\opt\maven\1.0.2\lib\endorsed\xerces-2.4.0.jar;c:\opt\maven\1.0.2\lib\endorsed\xml-apis-1.0.b2.jar;C:\j2sdk1.4.2_05\jre\lib\rt.jar;C:\j2sdk1.4.2_05\jre\lib\i18n.jar;C:\j2sdk1.4.2_05\jre\lib\sunrsasign.jar;C:\j2sdk1.4.2_05\jre\lib\jsse.jar;C:\j2sdk1.4.2_05\jre\lib\jce.jar;C:\j2sdk1.4.2_05\jre\lib\charsets.jar;C:\j2sdk1.4.2_05\jre\classes, javax.xml.parsers.DocumentBuilderFactory=org.apache.xerces.jaxp.DocumentBuilderFactoryImpl, java.vendor=Sun Microsystems Inc., maven.home=c:\opt\maven\1.0.2, file.separator=\, java.vendor.url.bug=http://java.sun.com/cgi-bin/bugreport.cgi, sun.io.unicode.encoding=UnicodeLittle, sun.cpu.endian=little, sun.cpu.isalist=pentium i486 i386}, maven.multiproject.basedir=org.apache.commons.jelly.expression.jexl.JexlExpressionFactory$ExpressionSupportLocal@92dcdb[expression:rootdir], user.name=org.apache.commons.jelly.expression.ConstantExpression@1e1be92[value=Scott], maven.debugOn=false, maven.compile.debug=org.apache.commons.jelly.expression.ConstantExpression@1a6684f[value=on], maven.repo.local=org.apache.commons.jelly.expression.CompositeExpression@a3d3b[expressions=[org.apache.commons.jelly.expression.jexl.JexlExpressionFactory$ExpressionSupportLocal@3a1ec6[expression:maven.home.local], org.apache.commons.jelly.expression.ConstantExpression@1ba6076[value=/repository]]], maven.defaults.loaded=org.apache.commons.jelly.expression.ConstantExpression@112e7f7[value=true], javax.xml.parsers.SAXParserFactory=org.apache.commons.jelly.expression.ConstantExpression@3b1f38[value=org.apache.xerces.jaxp.SAXParserFactoryImpl], maven.docs.omitXmlDeclaration=org.apache.commons.jelly.expression.ConstantExpression@17ec9f7[value=false], user.language=org.apache.commons.jelly.expression.ConstantExpression@fd918a[value=en], sun.boot.library.path=org.apache.commons.jelly.expression.ConstantExpression@15e2075[value=C:\j2sdk1.4.2_05\jre\bin], maven.war.src=org.apache.commons.jelly.expression.CompositeExpression@a522a6[expressions=[org.apache.commons.jelly.expression.jexl.JexlExpressionFactory$ExpressionSupportLocal@1860038[expression:basedir], org.apache.commons.jelly.expression.ConstantExpression@787c16[value=/webapp]]], maven.build.dest=org.apache.commons.jelly.expression.CompositeExpression@1a9d1b[expressions=[org.apache.commons.jelly.expression.jexl.JexlExpressionFactory$ExpressionSupportLocal@140984b[expression:maven.build.dir], org.apache.commons.jelly.expression.ConstantExpression@1ce669e[value=/classes]]], maven.dashboard.aggregators=org.apache.commons.jelly.expression.ConstantExpression@1b33a0e[value=cserrors,cswarnings,clovertpc,cloverloc,cloverncloc,junittests,junitfailures,juniterrors,junitpassrate,simiantdl], maven.xmlOutput=org.apache.commons.jelly.XMLOutput$1@61a907[contentHandler=org.dom4j.io.XMLWriter@1a0225b;lexicalHandler=org.dom4j.io.XMLWriter@1a0225b], maven.plugin.user.dir=org.apache.commons.jelly.expression.CompositeExpression@1a8773c[expressions=[org.apache.commons.jelly.expression.jexl.JexlExpressionFactory$ExpressionSupportLocal@12c3327[expression:maven.home.local], org.apache.commons.jelly.expression.ConstantExpression@d24e3f[value=/plugins]]], java.version=org.apache.commons.jelly.expression.ConstantExpression@10f41e9[value=1.4.2_05], user.timezone=org.apache.commons.jelly.expression.ConstantExpression@b05acd[value=], sun.arch.data.model=org.apache.commons.jelly.expression.ConstantExpression@1989b5[value=32], java.endorsed.dirs=org.apache.commons.jelly.expression.ConstantExpression@a00185[value=C:\j2sdk1.4.2_05\lib\endorsed;c:\opt\maven\1.0.2\lib\endorsed], maven.property.inheritance=org.apache.commons.jelly.expression.ConstantExpression@c3c315[value=true], sun.cpu.isalist=org.apache.commons.jelly.expression.ConstantExpression@3c9c31[value=pentium i486 i386], file.encoding.pkg=org.apache.commons.jelly.expression.ConstantExpression@1328c7a[value=sun.io], maven.xdoc.date=org.apache.commons.jelly.expression.ConstantExpression@1a4ded3[value=left], file.separator=org.apache.commons.jelly.expression.ConstantExpression@121177e[value=\], java.specification.name=org.apache.commons.jelly.expression.ConstantExpression@18d7ace[value=Java Platform API Specification], maven.site.deploy.method=org.apache.commons.jelly.expression.ConstantExpression@179953c[value=ssh], maven.src.dir=org.apache.commons.jelly.expression.CompositeExpression@134ce4a[expressions=[org.apache.commons.jelly.expression.jexl.JexlExpressionFactory$ExpressionSupportLocal@1d381d2[expression:basedir], org.apache.commons.jelly.expression.ConstantExpression@f01771[value=/core/src/main/java]]], java.class.version=org.apache.commons.jelly.expression.ConstantExpression@933bcb[value=48.0], maven.compile.verbose=org.apache.commons.jelly.expression.ConstantExpression@3ac93e[value=true], user.country=org.apache.commons.jelly.expression.ConstantExpression@1722456[value=US], java.home=org.apache.commons.jelly.expression.ConstantExpression@afa68a[value=C:\j2sdk1.4.2_05\jre], javax.xml.parsers.DocumentBuilderFactory=org.apache.commons.jelly.expression.ConstantExpression@1dec1dd[value=org.apache.xerces.jaxp.DocumentBuilderFactoryImpl], forehead.conf.file=org.apache.commons.jelly.expression.ConstantExpression@189c036[value=c:\opt\maven\1.0.2\bin\forehead.conf], java.vm.info=org.apache.commons.jelly.expression.ConstantExpression@aa233f[value=mixed mode], os.version=org.apache.commons.jelly.expression.ConstantExpression@1f01a29[value=5.1], maven.multiproject.site.goals=org.apache.commons.jelly.expression.ConstantExpression@458f41[value=site,dashboard:report-single], maven.conf.dir=org.apache.commons.jelly.expression.CompositeExpression@c01e99[expressions=[org.apache.commons.jelly.expression.jexl.JexlExpressionFactory$ExpressionSupportLocal@118fa47[expression:basedir], org.apache.commons.jelly.expression.ConstantExpression@d75415[value=/conf]]], path.separator=org.apache.commons.jelly.expression.ConstantExpression@d16fc1[value=;], maven.jar.override=org.apache.commons.jelly.expression.ConstantExpression@1eb0[value=on], java.vm.version=org.apache.commons.jelly.expression.ConstantExpression@1dee400[value=1.4.2_05-b04], maven.dashboard.includes=org.apache.commons.jelly.expression.jexl.JexlExpressionFactory$ExpressionSupportLocal@4ac216[expression:maven.multiproject.includes], maven.build.dir=org.apache.commons.jelly.expression.CompositeExpression@c5e9c[expressions=[org.apache.commons.jelly.expression.jexl.JexlExpressionFactory$ExpressionSupportLocal@1777b1[expression:basedir], org.apache.commons.jelly.expression.ConstantExpression@b3319f[value=/target]]], java.util.prefs.PreferencesFactory=org.apache.commons.jelly.expression.ConstantExpression@7ecd78[value=java.util.prefs.WindowsPreferencesFactory], user.variant=org.apache.commons.jelly.expression.ConstantExpression@e3849c[value=], maven.ssh.executable=org.apache.commons.jelly.expression.ConstantExpression@11756a4[value=ssh], maven.emacsModeOn=false, java.awt.printerjob=org.apache.commons.jelly.expression.ConstantExpression@13936e1[value=sun.awt.windows.WPrinterJob], maven.repo.acegi.directory=org.apache.commons.jelly.expression.ConstantExpression@141fab6[value=/home/groups/a/ac/acegisecurity/htdocs/maven], sun.io.unicode.encoding=org.apache.commons.jelly.expression.ConstantExpression@b301f2[value=UnicodeLittle], awt.toolkit=org.apache.commons.jelly.expression.ConstantExpression@44cbbe[value=sun.awt.windows.WToolkit], maven.compile.optimize=org.apache.commons.jelly.expression.ConstantExpression@9c2715[value=off], maven.multichanges.includes=org.apache.commons.jelly.expression.jexl.JexlExpressionFactory$ExpressionSupportLocal@1c9e67a[expression:maven.multiproject.includes], user.home=org.apache.commons.jelly.expression.ConstantExpression@3a5794[value=C:\Documents and Settings\Scott], java.specification.vendor=org.apache.commons.jelly.expression.ConstantExpression@4be2cc[value=Sun Microsystems Inc.], maven.clover.license.path=org.apache.commons.jelly.expression.CompositeExpression@16ef71[expressions=[org.apache.commons.jelly.expression.jexl.JexlExpressionFactory$ExpressionSupportLocal@1c208b0[expression:rootdir], org.apache.commons.jelly.expression.ConstantExpression@1c888d9[value=/lib/clover/clover.license]]], maven.multiproject.includes=org.apache.commons.jelly.expression.ConstantExpression@908881[value=core/project.xml,adapters/*/project.xml], maven.final.dir=org.apache.commons.jelly.expression.CompositeExpression@f1f051[expressions=[org.apache.commons.jelly.expression.jexl.JexlExpressionFactory$ExpressionSupportLocal@1d88db7[expression:basedir], org.apache.commons.jelly.expression.ConstantExpression@402af3[value=/], org.apache.commons.jelly.expression.jexl.JexlExpressionFactory$ExpressionSupportLocal@c3e9e9[expression:maven.final.name]]], maven.build.src=org.apache.commons.jelly.expression.CompositeExpression@31f2a7[expressions=[org.apache.commons.jelly.expression.jexl.JexlExpressionFactory$ExpressionSupportLocal@131c89c[expression:maven.build.dir], org.apache.commons.jelly.expression.ConstantExpression@1697b67[value=/src]]], maven.build=org.apache.commons.jelly.expression.ConstantExpression@24c4a3[value=MAVEN_BUILD_NOT_SET], java.library.path=org.apache.commons.jelly.expression.ConstantExpression@1e9c82e[value=C:\j2sdk1.4.2_05\bin;.;C:\WINDOWS\system32;C:\WINDOWS;C:\WINDOWS\system32;C:\WINDOWS;C:\WINDOWS\System32\Wbem;C:\Program Files\Common Files\Adaptec Shared\System;C:\Program Files\SSH Communications Security\SSH Secure Shell;c:\php;c:\j2sdk1.4.2_05\bin;c:\opt\maven\1.0.2\bin], java.vendor.url=org.apache.commons.jelly.expression.ConstantExpression@1554d32[value=http://java.sun.com/], java.vm.vendor=org.apache.commons.jelly.expression.ConstantExpression@13f136e[value=Sun Microsystems Inc.], maven.ant.excludeTests=org.apache.commons.jelly.expression.ConstantExpression@14a18d[value=**/*Tests.java], maven.username=org.apache.commons.jelly.expression.ConstantExpression@7a4489[value=USERNAME_NOT_SET], maven.home=org.apache.commons.jelly.expression.ConstantExpression@129b0e1[value=c:\opt\maven\1.0.2], java.runtime.name=org.apache.commons.jelly.expression.ConstantExpression@1ba94d[value=Java(TM) 2 Runtime Environment, Standard Edition], java.class.path=org.apache.commons.jelly.expression.ConstantExpression@82751[value=c:\opt\maven\1.0.2\lib\forehead-1.0-beta-5.jar], maven.repo.list=org.apache.commons.jelly.expression.ConstantExpression@14d5bc9[value=cas], maven.remote.group=org.apache.commons.jelly.expression.ConstantExpression@1c4f0f8[value=acegisecurity], maven.compile.target=org.apache.commons.jelly.expression.ConstantExpression@a83a13[value=1.4], maven.gen.docs=org.apache.commons.jelly.expression.CompositeExpression@7cd37a[expressions=[org.apache.commons.jelly.expression.jexl.JexlExpressionFactory$ExpressionSupportLocal@1202d69[expression:maven.build.dir], org.apache.commons.jelly.expression.ConstantExpression@1855562[value=/generated-xdocs]]], context=org.apache.maven.jelly.MavenJellyContext@a89ce3, maven.distDirectory=org.apache.commons.jelly.expression.CompositeExpression@1d439fe[expressions=[org.apache.commons.jelly.expression.jexl.JexlExpressionFactory$ExpressionSupportLocal@2b7db1[expression:basedir], org.apache.commons.jelly.expression.ConstantExpression@148f8c8[value=/dist]]], maven.docs.dest=org.apache.commons.jelly.expression.CompositeExpression@1c5466b[expressions=[org.apache.commons.jelly.expression.jexl.JexlExpressionFactory$ExpressionSupportLocal@922804[expression:maven.build.dir], org.apache.commons.jelly.expression.ConstantExpression@1815338[value=/docs]]], maven.ant.generatebuild.file=org.apache.commons.jelly.expression.ConstantExpression@17e845a[value=yes], maven.license.licenseFile=org.apache.commons.jelly.expression.CompositeExpression@12368df[expressions=[org.apache.commons.jelly.expression.jexl.JexlExpressionFactory$ExpressionSupportLocal@1ba0f36[expression:rootdir], org.apache.commons.jelly.expression.ConstantExpression@3caa4b[value=/LICENSE.txt]]], java.vm.specification.name=org.apache.commons.jelly.expression.ConstantExpression@d0220c[value=Java Virtual Machine Specification], maven.compile.deprecation=org.apache.commons.jelly.expression.ConstantExpression@6b496d[value=off], maven.docs.outputencoding=org.apache.commons.jelly.expression.ConstantExpression@1a19458[value=ISO-8859-1], java.vm.specification.version=org.apache.commons.jelly.expression.ConstantExpression@1124746[value=1.0], sun.cpu.endian=org.apache.commons.jelly.expression.ConstantExpression@105691e[value=little], sun.os.patch.level=org.apache.commons.jelly.expression.ConstantExpression@383118[value=Service Pack 2], maven.plugin.unpacked.dir=org.apache.commons.jelly.expression.CompositeExpression@11f23e5[expressions=[org.apache.commons.jelly.expression.jexl.JexlExpressionFactory$ExpressionSupportLocal@16dc861[expression:maven.home.local], org.apache.commons.jelly.expression.ConstantExpression@7e8c4d[value=/cache]]], java.io.tmpdir=org.apache.commons.jelly.expression.ConstantExpression@2d189c[value=C:\DOCUME~1\Scott\LOCALS~1\Temp\], maven.scp.executable=org.apache.commons.jelly.expression.ConstantExpression@aae86e[value=scp], maven.multichanges.basedir=org.apache.commons.jelly.expression.jexl.JexlExpressionFactory$ExpressionSupportLocal@81a197[expression:maven.multiproject.basedir], java.vendor.url.bug=org.apache.commons.jelly.expression.ConstantExpression@97d026[value=http://java.sun.com/cgi-bin/bugreport.cgi], maven.final.name=org.apache.commons.jelly.expression.CompositeExpression@e29820[expressions=[org.apache.commons.jelly.expression.jexl.JexlExpressionFactory$ExpressionSupportLocal@716cb7[expression:pom.artifactId], org.apache.commons.jelly.expression.ConstantExpression@987a33[value=-], org.apache.commons.jelly.expression.jexl.JexlExpressionFactory$ExpressionSupportLocal@7eb6e2[expression:pom.currentVersion]]], maven.distBuildIndicator=org.apache.commons.jelly.expression.ConstantExpression@118d189[value=DIST_BUILD_DIRECTORY], os.arch=org.apache.commons.jelly.expression.ConstantExpression@648016[value=x86], java.awt.graphicsenv=org.apache.commons.jelly.expression.ConstantExpression@1551b0[value=sun.awt.Win32GraphicsEnvironment], maven.dashboard.basedir=org.apache.commons.jelly.expression.jexl.JexlExpressionFactory$ExpressionSupportLocal@1a61172[expression:maven.multiproject.basedir], maven.jar.clover-ant=org.apache.commons.jelly.expression.ConstantExpression@1c391c3[value=1.3.3_01], java.ext.dirs=org.apache.commons.jelly.expression.ConstantExpression@969c29[value=C:\j2sdk1.4.2_05\jre\lib\ext], user.dir=org.apache.commons.jelly.expression.ConstantExpression@1e67e6a[value=C:\opt\eclipse\workspace\cas3], maven.docs.src=org.apache.commons.jelly.expression.CompositeExpression@1758500[expressions=[org.apache.commons.jelly.expression.jexl.JexlExpressionFactory$ExpressionSupportLocal@6ed322[expression:basedir], org.apache.commons.jelly.expression.ConstantExpression@1e78c96[value=/xdocs]]], line.separator=org.apache.commons.jelly.expression.ConstantExpression@bf053f[value=
], maven.xdoc.distributionUrl=org.apache.commons.jelly.expression.ConstantExpression@f1916f[value=http://sourceforge.net/project/showfiles.php?group_id=104215], java.vm.name=org.apache.commons.jelly.expression.ConstantExpression@18330bf[value=Java HotSpot(TM) Client VM], basedir=C:\opt\eclipse\workspace\cas3, maven.dashboard.rungoals=org.apache.commons.jelly.expression.ConstantExpression@1f54c5f[value=false], maven.plugin.dir=org.apache.commons.jelly.expression.CompositeExpression@16917ee[expressions=[org.apache.commons.jelly.expression.jexl.JexlExpressionFactory$ExpressionSupportLocal@a23610[expression:maven.home], org.apache.commons.jelly.expression.ConstantExpression@18b8914[value=/plugins]]], file.encoding=org.apache.commons.jelly.expression.ConstantExpression@1d49247[value=Cp1252], maven.application.version=org.apache.commons.jelly.expression.ConstantExpression@cf829d[value=1.0.2], maven.dashboard.runreactor=org.apache.commons.jelly.expression.ConstantExpression@1884a40[value=false], maven.html2xdoc.enabled=org.apache.commons.jelly.expression.ConstantExpression@c2ee15[value=true], maven.repo.remote=org.apache.commons.jelly.expression.ConstantExpression@19cd75a[value=http://www.ibiblio.org/maven,http://acegisecurity.sourceforge.net/maven/], maven.repo.acegi=org.apache.commons.jelly.expression.ConstantExpression@1fe8ce8[value=sftp://shell.sourceforge.net], maven.mode.online=org.apache.commons.jelly.expression.ConstantExpression@d4d66b[value=true], java.specification.version=org.apache.commons.jelly.expression.ConstantExpression@149105b[value=1.4], maven.home.local=org.apache.commons.jelly.expression.CompositeExpression@1d0d45b[expressions=[org.apache.commons.jelly.expression.jexl.JexlExpressionFactory$ExpressionSupportLocal@125d06e[expression:user.home], org.apache.commons.jelly.expression.ConstantExpression@196f4b5[value=/.maven]]], maven.repo.acegi.group=org.apache.commons.jelly.expression.ConstantExpression@19ba640[value=acegisecurity]}, sun.arch.data.model=org.apache.commons.jelly.expression.ConstantExpression@1cd280b[value=32], java.endorsed.dirs=org.apache.commons.jelly.expression.ConstantExpression@29ac[value=C:\j2sdk1.4.2_05\lib\endorsed;c:\opt\maven\1.0.2\lib\endorsed], maven.property.inheritance=org.apache.commons.jelly.expression.ConstantExpression@b0095d[value=true], sun.cpu.isalist=org.apache.commons.jelly.expression.ConstantExpression@136d9d8[value=pentium i486 i386], file.encoding.pkg=org.apache.commons.jelly.expression.ConstantExpression@1827d1[value=sun.io], maven.xdoc.date=org.apache.commons.jelly.expression.ConstantExpression@1de45e2[value=left], file.separator=org.apache.commons.jelly.expression.ConstantExpression@1be2893[value=\], java.specification.name=org.apache.commons.jelly.expression.ConstantExpression@159e154[value=Java Platform API Specification], maven.site.deploy.method=org.apache.commons.jelly.expression.ConstantExpression@1d87b85[value=ssh], maven.src.dir=org.apache.commons.jelly.expression.CompositeExpression@1958bf9[expressions=[org.apache.commons.jelly.expression.jexl.JexlExpressionFactory$ExpressionSupportLocal@118958e[expression:basedir], org.apache.commons.jelly.expression.ConstantExpression@102b2b6[value=/core/src/main/java]]], java.class.version=org.apache.commons.jelly.expression.ConstantExpression@22d166[value=48.0], maven.compile.verbose=org.apache.commons.jelly.expression.ConstantExpression@1e1962d[value=true], user.country=org.apache.commons.jelly.expression.ConstantExpression@14a75bb[value=US], java.home=org.apache.commons.jelly.expression.ConstantExpression@17779e3[value=C:\j2sdk1.4.2_05\jre], javax.xml.parsers.DocumentBuilderFactory=org.apache.commons.jelly.expression.ConstantExpression@e3570c[value=org.apache.xerces.jaxp.DocumentBuilderFactoryImpl], forehead.conf.file=org.apache.commons.jelly.expression.ConstantExpression@167e3a5[value=c:\opt\maven\1.0.2\bin\forehead.conf], java.vm.info=org.apache.commons.jelly.expression.ConstantExpression@1926e90[value=mixed mode], os.version=org.apache.commons.jelly.expression.ConstantExpression@98ce7e[value=5.1], maven.multiproject.site.goals=org.apache.commons.jelly.expression.ConstantExpression@1cb7a1[value=site,dashboard:report-single], maven.conf.dir=org.apache.commons.jelly.expression.CompositeExpression@15bc6c8[expressions=[org.apache.commons.jelly.expression.jexl.JexlExpressionFactory$ExpressionSupportLocal@578073[expression:basedir], org.apache.commons.jelly.expression.ConstantExpression@b20352[value=/conf]]], path.separator=org.apache.commons.jelly.expression.ConstantExpression@f8395f[value=;], maven.jar.override=org.apache.commons.jelly.expression.ConstantExpression@7e9ce2[value=on], java.vm.version=org.apache.commons.jelly.expression.ConstantExpression@6dbdc9[value=1.4.2_05-b04], maven.dashboard.includes=org.apache.commons.jelly.expression.jexl.JexlExpressionFactory$ExpressionSupportLocal@c6eff5[expression:maven.multiproject.includes], maven.build.dir=org.apache.commons.jelly.expression.CompositeExpression@b3f9b8[expressions=[org.apache.commons.jelly.expression.jexl.JexlExpressionFactory$ExpressionSupportLocal@1cfb802[expression:basedir], org.apache.commons.jelly.expression.ConstantExpression@39c8c1[value=/target]]], java.util.prefs.PreferencesFactory=org.apache.commons.jelly.expression.ConstantExpression@1ab2b55[value=java.util.prefs.WindowsPreferencesFactory], user.variant=org.apache.commons.jelly.expression.ConstantExpression@aa0877[value=], maven.ssh.executable=org.apache.commons.jelly.expression.ConstantExpression@111ded2[value=ssh], java.awt.printerjob=org.apache.commons.jelly.expression.ConstantExpression@3bc20e[value=sun.awt.windows.WPrinterJob], maven.repo.acegi.directory=org.apache.commons.jelly.expression.ConstantExpression@1415056[value=/home/groups/a/ac/acegisecurity/htdocs/maven], sun.io.unicode.encoding=org.apache.commons.jelly.expression.ConstantExpression@1014e21[value=UnicodeLittle], awt.toolkit=org.apache.commons.jelly.expression.ConstantExpression@b09697[value=sun.awt.windows.WToolkit], maven.compile.optimize=org.apache.commons.jelly.expression.ConstantExpression@16eb6bc[value=off], maven.multichanges.includes=org.apache.commons.jelly.expression.jexl.JexlExpressionFactory$ExpressionSupportLocal@19f03d7[expression:maven.multiproject.includes], user.home=org.apache.commons.jelly.expression.ConstantExpression@b51c29[value=C:\Documents and Settings\Scott], java.specification.vendor=org.apache.commons.jelly.expression.ConstantExpression@4bf53e[value=Sun Microsystems Inc.], maven.clover.license.path=org.apache.commons.jelly.expression.CompositeExpression@d1e7c2[expressions=[org.apache.commons.jelly.expression.jexl.JexlExpressionFactory$ExpressionSupportLocal@c68a98[expression:rootdir], org.apache.commons.jelly.expression.ConstantExpression@b51404[value=/lib/clover/clover.license]]], maven.multiproject.includes=org.apache.commons.jelly.expression.ConstantExpression@354749[value=core/project.xml,adapters/*/project.xml], maven.final.dir=org.apache.commons.jelly.expression.CompositeExpression@1db484d[expressions=[org.apache.commons.jelly.expression.jexl.JexlExpressionFactory$ExpressionSupportLocal@167d7fb[expression:basedir], org.apache.commons.jelly.expression.ConstantExpression@94cb8b[value=/], org.apache.commons.jelly.expression.jexl.JexlExpressionFactory$ExpressionSupportLocal@bf1d3b[expression:maven.final.name]]], maven.build.src=org.apache.commons.jelly.expression.CompositeExpression@118278a[expressions=[org.apache.commons.jelly.expression.jexl.JexlExpressionFactory$ExpressionSupportLocal@cc0e01[expression:maven.build.dir], org.apache.commons.jelly.expression.ConstantExpression@ab7165[value=/src]]], maven.build=org.apache.commons.jelly.expression.ConstantExpression@1a1c42f[value=MAVEN_BUILD_NOT_SET], java.library.path=org.apache.commons.jelly.expression.ConstantExpression@1570945[value=C:\j2sdk1.4.2_05\bin;.;C:\WINDOWS\system32;C:\WINDOWS;C:\WINDOWS\system32;C:\WINDOWS;C:\WINDOWS\System32\Wbem;C:\Program Files\Common Files\Adaptec Shared\System;C:\Program Files\SSH Communications Security\SSH Secure Shell;c:\php;c:\j2sdk1.4.2_05\bin;c:\opt\maven\1.0.2\bin], java.vendor.url=org.apache.commons.jelly.expression.ConstantExpression@121b59a[value=http://java.sun.com/], java.vm.vendor=org.apache.commons.jelly.expression.ConstantExpression@19a37a[value=Sun Microsystems Inc.], maven.ant.excludeTests=org.apache.commons.jelly.expression.ConstantExpression@13bdd36[value=**/*Tests.java], maven.username=org.apache.commons.jelly.expression.ConstantExpression@1381960[value=USERNAME_NOT_SET], maven.home=org.apache.commons.jelly.expression.ConstantExpression@9fa8f[value=c:\opt\maven\1.0.2], java.runtime.name=org.apache.commons.jelly.expression.ConstantExpression@120dbf3[value=Java(TM) 2 Runtime Environment, Standard Edition], java.class.path=org.apache.commons.jelly.expression.ConstantExpression@4845aa[value=c:\opt\maven\1.0.2\lib\forehead-1.0-beta-5.jar], maven.repo.list=org.apache.commons.jelly.expression.ConstantExpression@d5c0f9[value=cas], maven.remote.group=org.apache.commons.jelly.expression.ConstantExpression@1701bdc[value=acegisecurity], maven.compile.target=org.apache.commons.jelly.expression.ConstantExpression@1353249[value=1.4], maven.gen.docs=org.apache.commons.jelly.expression.CompositeExpression@1786286[expressions=[org.apache.commons.jelly.expression.jexl.JexlExpressionFactory$ExpressionSupportLocal@8c5ea2[expression:maven.build.dir], org.apache.commons.jelly.expression.ConstantExpression@198defc[value=/generated-xdocs]]], context=org.apache.maven.jelly.MavenJellyContext@1579a30, maven.distDirectory=org.apache.commons.jelly.expression.CompositeExpression@4bfe6b[expressions=[org.apache.commons.jelly.expression.jexl.JexlExpressionFactory$ExpressionSupportLocal@12c5431[expression:basedir], org.apache.commons.jelly.expression.ConstantExpression@14b6bed[value=/dist]]], maven.docs.dest=org.apache.commons.jelly.expression.CompositeExpression@9aba32[expressions=[org.apache.commons.jelly.expression.jexl.JexlExpressionFactory$ExpressionSupportLocal@366573[expression:maven.build.dir], org.apache.commons.jelly.expression.ConstantExpression@13e75a5[value=/docs]]], maven.ant.generatebuild.file=org.apache.commons.jelly.expression.ConstantExpression@19da967[value=yes], maven.license.licenseFile=org.apache.commons.jelly.expression.CompositeExpression@1dcc2a3[expressions=[org.apache.commons.jelly.expression.jexl.JexlExpressionFactory$ExpressionSupportLocal@6e8f94[expression:rootdir], org.apache.commons.jelly.expression.ConstantExpression@943dc4[value=/LICENSE.txt]]], java.vm.specification.name=org.apache.commons.jelly.expression.ConstantExpression@633d51[value=Java Virtual Machine Specification], maven.compile.deprecation=org.apache.commons.jelly.expression.ConstantExpression@14eaec9[value=off], maven.docs.outputencoding=org.apache.commons.jelly.expression.ConstantExpression@b533b8[value=ISO-8859-1], java.vm.specification.version=org.apache.commons.jelly.expression.ConstantExpression@569c60[value=1.0], sun.cpu.endian=org.apache.commons.jelly.expression.ConstantExpression@3468f4[value=little], sun.os.patch.level=org.apache.commons.jelly.expression.ConstantExpression@d67067[value=Service Pack 2], maven.plugin.unpacked.dir=org.apache.commons.jelly.expression.CompositeExpression@6db724[expressions=[org.apache.commons.jelly.expression.jexl.JexlExpressionFactory$ExpressionSupportLocal@112da40[expression:maven.home.local], org.apache.commons.jelly.expression.ConstantExpression@b6d6ab[value=/cache]]], java.io.tmpdir=org.apache.commons.jelly.expression.ConstantExpression@1c7865b[value=C:\DOCUME~1\Scott\LOCALS~1\Temp\], maven.scp.executable=org.apache.commons.jelly.expression.ConstantExpression@45c97b[value=scp], maven.multichanges.basedir=org.apache.commons.jelly.expression.jexl.JexlExpressionFactory$ExpressionSupportLocal@1aecc3a[expression:maven.multiproject.basedir], java.vendor.url.bug=org.apache.commons.jelly.expression.ConstantExpression@e22f2b[value=http://java.sun.com/cgi-bin/bugreport.cgi], maven.final.name=org.apache.commons.jelly.expression.CompositeExpression@186dda3[expressions=[org.apache.commons.jelly.expression.jexl.JexlExpressionFactory$ExpressionSupportLocal@1412e75[expression:pom.artifactId], org.apache.commons.jelly.expression.ConstantExpression@510e39[value=-], org.apache.commons.jelly.expression.jexl.JexlExpressionFactory$ExpressionSupportLocal@17cf6b6[expression:pom.currentVersion]]], maven.distBuildIndicator=org.apache.commons.jelly.expression.ConstantExpression@1295fe8[value=DIST_BUILD_DIRECTORY], os.arch=org.apache.commons.jelly.expression.ConstantExpression@157b46f[value=x86], java.awt.graphicsenv=org.apache.commons.jelly.expression.ConstantExpression@1071c84[value=sun.awt.Win32GraphicsEnvironment], maven.dashboard.basedir=org.apache.commons.jelly.expression.jexl.JexlExpressionFactory$ExpressionSupportLocal@1e152f4[expression:maven.multiproject.basedir], maven.jar.clover-ant=org.apache.commons.jelly.expression.ConstantExpression@d1329[value=1.3.3_01], java.ext.dirs=org.apache.commons.jelly.expression.ConstantExpression@650892[value=C:\j2sdk1.4.2_05\jre\lib\ext], user.dir=org.apache.commons.jelly.expression.ConstantExpression@115d06c[value=C:\opt\eclipse\workspace\cas3], maven.docs.src=org.apache.commons.jelly.expression.CompositeExpression@126a29c[expressions=[org.apache.commons.jelly.expression.jexl.JexlExpressionFactory$ExpressionSupportLocal@17dc1cb[expression:basedir], org.apache.commons.jelly.expression.ConstantExpression@13e15f7[value=/xdocs]]], line.separator=org.apache.commons.jelly.expression.ConstantExpression@11410e5[value=
], maven.xdoc.distributionUrl=org.apache.commons.jelly.expression.ConstantExpression@61373f[value=http://sourceforge.net/project/showfiles.php?group_id=104215], java.vm.name=org.apache.commons.jelly.expression.ConstantExpression@7244ca[value=Java HotSpot(TM) Client VM], basedir=C:\opt\eclipse\workspace\cas3, pom=JA-SIG Central Authentication Service, maven.dashboard.rungoals=org.apache.commons.jelly.expression.ConstantExpression@23756[value=false], maven.plugin.dir=org.apache.commons.jelly.expression.CompositeExpression@17f11fb[expressions=[org.apache.commons.jelly.expression.jexl.JexlExpressionFactory$ExpressionSupportLocal@175ade6[expression:maven.home], org.apache.commons.jelly.expression.ConstantExpression@ebf068[value=/plugins]]], file.encoding=org.apache.commons.jelly.expression.ConstantExpression@1f44ec7[value=Cp1252], maven.application.version=org.apache.commons.jelly.expression.ConstantExpression@602b6b[value=1.0.2], maven.dashboard.runreactor=org.apache.commons.jelly.expression.ConstantExpression@1c297a3[value=false], maven.html2xdoc.enabled=org.apache.commons.jelly.expression.ConstantExpression@717323[value=true], maven.repo.remote=org.apache.commons.jelly.expression.ConstantExpression@3e1bc8[value=http://www.ibiblio.org/maven,http://acegisecurity.sourceforge.net/maven/], maven.repo.acegi=org.apache.commons.jelly.expression.ConstantExpression@191f801[value=sftp://shell.sourceforge.net], maven.mode.online=org.apache.commons.jelly.expression.ConstantExpression@313170[value=true], java.specification.version=org.apache.commons.jelly.expression.ConstantExpression@1a4c5b4[value=1.4], maven.home.local=org.apache.commons.jelly.expression.CompositeExpression@afae4a[expressions=[org.apache.commons.jelly.expression.jexl.JexlExpressionFactory$ExpressionSupportLocal@1db9852[expression:user.home], org.apache.commons.jelly.expression.ConstantExpression@1ed5459[value=/.maven]]], maven.repo.acegi.group=org.apache.commons.jelly.expression.ConstantExpression@3cb075[value=acegisecurity]}"></property>
    <property name="maven.site.deploy.method" value="ssh"></property>
    <property name="maven.artifact.manifest.template" value="manifest.vm"></property>
    <property name="maven.plugin.dir" value="c:\opt\maven\1.0.2/plugins"></property>
    <property name="org.apache.commons.jelly.werkz.Project" value="[Werkz: goals={test:test=[Goal: name=&quot;test:test&quot;]; precursor=[[Goal: name=&quot;test:compile&quot;]; precursor=[[Goal: name=&quot;java:compile&quot;]; precursor=[[Goal: name=&quot;java:prepare-filesystem&quot;]; precursor=[]]]], [Goal: name=&quot;java:jar-resources&quot;]; precursor=[]], [Goal: name=&quot;test:prepare-filesystem&quot;]; precursor=[]], [Goal: name=&quot;test:test-resources&quot;]; precursor=[[Goal: name=&quot;test:prepare-filesystem&quot;]; precursor=[]]]]]]]], license:transfer=[Goal: name=&quot;license:transfer&quot;]; precursor=[[Goal: name=&quot;xdoc:init&quot;]; precursor=[]]]], xdoc:jelly-init=[Goal: name=&quot;xdoc:jelly-init&quot;]; precursor=[]], multiproject:site-init=[Goal: name=&quot;multiproject:site-init&quot;]; precursor=[[Goal: name=&quot;multiproject:projects-init&quot;]; precursor=[]]]], multiproject:deploy-snapshot-callback=[Goal: name=&quot;multiproject:deploy-snapshot-callback&quot;]; precursor=[]], maven-multiproject-plugin:report=[Goal: name=&quot;maven-multiproject-plugin:report&quot;]; precursor=[]], pom:deploy=[Goal: name=&quot;pom:deploy&quot;]; precursor=[]], test:single=[Goal: name=&quot;test:single&quot;]; precursor=[[Goal: name=&quot;test:compile&quot;]; precursor=[[Goal: name=&quot;java:compile&quot;]; precursor=[[Goal: name=&quot;java:prepare-filesystem&quot;]; precursor=[]]]], [Goal: name=&quot;java:jar-resources&quot;]; precursor=[]], [Goal: name=&quot;test:prepare-filesystem&quot;]; precursor=[]], [Goal: name=&quot;test:test-resources&quot;]; precursor=[[Goal: name=&quot;test:prepare-filesystem&quot;]; precursor=[]]]]]]]], test:single-test=[Goal: name=&quot;test:single-test&quot;]; precursor=[]], build:end=[Goal: name=&quot;build:end&quot;]; precursor=[]], jar:snapshot=[Goal: name=&quot;jar:snapshot&quot;]; precursor=[]], jar:install=[Goal: name=&quot;jar:install&quot;]; precursor=[[Goal: name=&quot;jar:jar&quot;]; precursor=[[Goal: name=&quot;test:test&quot;]; precursor=[[Goal: name=&quot;test:compile&quot;]; precursor=[[Goal: name=&quot;java:compile&quot;]; precursor=[[Goal: name=&quot;java:prepare-filesystem&quot;]; precursor=[]]]], [Goal: name=&quot;java:jar-resources&quot;]; precursor=[]], [Goal: name=&quot;test:prepare-filesystem&quot;]; precursor=[]], [Goal: name=&quot;test:test-resources&quot;]; precursor=[[Goal: name=&quot;test:prepare-filesystem&quot;]; precursor=[]]]]]]]]]]]], jar:install-snapshot=[Goal: name=&quot;jar:install-snapshot&quot;]; precursor=[[Goal: name=&quot;jar:jar&quot;]; precursor=[[Goal: name=&quot;test:test&quot;]; precursor=[[Goal: name=&quot;test:compile&quot;]; precursor=[[Goal: name=&quot;java:compile&quot;]; precursor=[[Goal: name=&quot;java:prepare-filesystem&quot;]; precursor=[]]]], [Goal: name=&quot;java:jar-resources&quot;]; precursor=[]], [Goal: name=&quot;test:prepare-filesystem&quot;]; precursor=[]], [Goal: name=&quot;test:test-resources&quot;]; precursor=[[Goal: name=&quot;test:prepare-filesystem&quot;]; precursor=[]]]]]]]]]]]], pom:deploy-snapshot=[Goal: name=&quot;pom:deploy-snapshot&quot;]; precursor=[]], xdoc:generate-from-pom=[Goal: name=&quot;xdoc:generate-from-pom&quot;]; precursor=[[Goal: name=&quot;xdoc:init&quot;]; precursor=[]], [Goal: name=&quot;xdoc:register-reports&quot;]; precursor=[]]]], xdoc:init=[Goal: name=&quot;xdoc:init&quot;]; precursor=[]], maven-license-plugin:register=[Goal: name=&quot;maven-license-plugin:register&quot;]; precursor=[]], xdoc:transform=[Goal: name=&quot;xdoc:transform&quot;]; precursor=[[Goal: name=&quot;xdoc:init&quot;]; precursor=[]]]], pom:contentvalidate=[Goal: name=&quot;pom:contentvalidate&quot;]; precursor=[]], test=[Goal: name=&quot;test&quot;]; precursor=[[Goal: name=&quot;test:test&quot;]; precursor=[[Goal: name=&quot;test:compile&quot;]; precursor=[[Goal: name=&quot;java:compile&quot;]; precursor=[[Goal: name=&quot;java:prepare-filesystem&quot;]; precursor=[]]]], [Goal: name=&quot;java:jar-resources&quot;]; precursor=[]], [Goal: name=&quot;test:prepare-filesystem&quot;]; precursor=[]], [Goal: name=&quot;test:test-resources&quot;]; precursor=[[Goal: name=&quot;test:prepare-filesystem&quot;]; precursor=[]]]]]]]]]], xdoc:jelly-transform=[Goal: name=&quot;xdoc:jelly-transform&quot;]; precursor=[[Goal: name=&quot;xdoc:init&quot;]; precursor=[]], [Goal: name=&quot;xdoc:jelly-init&quot;]; precursor=[]], [Goal: name=&quot;xdoc:register-reports&quot;]; precursor=[]]]], multiproject:install-snapshot-callback=[Goal: name=&quot;multiproject:install-snapshot-callback&quot;]; precursor=[]], artifact:load=[Goal: name=&quot;artifact:load&quot;]; precursor=[]], multiproject:projects-init=[Goal: name=&quot;multiproject:projects-init&quot;]; precursor=[]], java:compile=[Goal: name=&quot;java:compile&quot;]; precursor=[[Goal: name=&quot;java:prepare-filesystem&quot;]; precursor=[]]]], multiproject:install-snapshot=[Goal: name=&quot;multiproject:install-snapshot&quot;]; precursor=[]], multiproject:deploy-snapshot=[Goal: name=&quot;multiproject:deploy-snapshot&quot;]; precursor=[]], license=[Goal: name=&quot;license&quot;]; precursor=[[Goal: name=&quot;license:transfer&quot;]; precursor=[[Goal: name=&quot;xdoc:init&quot;]; precursor=[]]]]]], multiproject:goal=[Goal: name=&quot;multiproject:goal&quot;]; precursor=[[Goal: name=&quot;multiproject:projects-init&quot;]; precursor=[]]]], jar:deploy-snapshot=[Goal: name=&quot;jar:deploy-snapshot&quot;]; precursor=[[Goal: name=&quot;jar:jar&quot;]; precursor=[[Goal: name=&quot;test:test&quot;]; precursor=[[Goal: name=&quot;test:compile&quot;]; precursor=[[Goal: name=&quot;java:compile&quot;]; precursor=[[Goal: name=&quot;java:prepare-filesystem&quot;]; precursor=[]]]], [Goal: name=&quot;java:jar-resources&quot;]; precursor=[]], [Goal: name=&quot;test:prepare-filesystem&quot;]; precursor=[]], [Goal: name=&quot;test:test-resources&quot;]; precursor=[[Goal: name=&quot;test:prepare-filesystem&quot;]; precursor=[]]]]]]]]]]]], build:start=[Goal: name=&quot;build:start&quot;]; precursor=[]], test:prepare-filesystem=[Goal: name=&quot;test:prepare-filesystem&quot;]; precursor=[]], maven-license-plugin:report=[Goal: name=&quot;maven-license-plugin:report&quot;]; precursor=[]], multiproject:dependency-convergence-report=[Goal: name=&quot;multiproject:dependency-convergence-report&quot;]; precursor=[[Goal: name=&quot;multiproject:projects-init&quot;]; precursor=[]]]], jar:jar=[Goal: name=&quot;jar:jar&quot;]; precursor=[[Goal: name=&quot;test:test&quot;]; precursor=[[Goal: name=&quot;test:compile&quot;]; precursor=[[Goal: name=&quot;java:compile&quot;]; precursor=[[Goal: name=&quot;java:prepare-filesystem&quot;]; precursor=[]]]], [Goal: name=&quot;java:jar-resources&quot;]; precursor=[]], [Goal: name=&quot;test:prepare-filesystem&quot;]; precursor=[]], [Goal: name=&quot;test:test-resources&quot;]; precursor=[[Goal: name=&quot;test:prepare-filesystem&quot;]; precursor=[]]]]]]]]]], pom:install=[Goal: name=&quot;pom:install&quot;]; precursor=[]], multiproject:create-nav=[Goal: name=&quot;multiproject:create-nav&quot;]; precursor=[[Goal: name=&quot;multiproject:site-init&quot;]; precursor=[[Goal: name=&quot;multiproject:projects-init&quot;]; precursor=[]]]]]], maven-multiproject-plugin:register=[Goal: name=&quot;maven-multiproject-plugin:register&quot;]; precursor=[]], xdoc:validate=[Goal: name=&quot;xdoc:validate&quot;]; precursor=[[Goal: name=&quot;pom:taglib&quot;]; precursor=[]]]], xdoc=[Goal: name=&quot;xdoc&quot;]; precursor=[[Goal: name=&quot;xdoc:generate-from-pom&quot;]; precursor=[[Goal: name=&quot;xdoc:init&quot;]; precursor=[]], [Goal: name=&quot;xdoc:register-reports&quot;]; precursor=[]]]], [Goal: name=&quot;xdoc:transform&quot;]; precursor=[[Goal: name=&quot;xdoc:init&quot;]; precursor=[]]]]]], multiproject:deploy=[Goal: name=&quot;multiproject:deploy&quot;]; precursor=[]], test:test-resources=[Goal: name=&quot;test:test-resources&quot;]; precursor=[[Goal: name=&quot;test:prepare-filesystem&quot;]; precursor=[]]]], multiproject:clean=[Goal: name=&quot;multiproject:clean&quot;]; precursor=[]], xdoc:performJSL=[Goal: name=&quot;xdoc:performJSL&quot;]; precursor=[]], jar:deploy=[Goal: name=&quot;jar:deploy&quot;]; precursor=[[Goal: name=&quot;jar:jar&quot;]; precursor=[[Goal: name=&quot;test:test&quot;]; precursor=[[Goal: name=&quot;test:compile&quot;]; precursor=[[Goal: name=&quot;java:compile&quot;]; precursor=[[Goal: name=&quot;java:prepare-filesystem&quot;]; precursor=[]]]], [Goal: name=&quot;java:jar-resources&quot;]; precursor=[]], [Goal: name=&quot;test:prepare-filesystem&quot;]; precursor=[]], [Goal: name=&quot;test:test-resources&quot;]; precursor=[[Goal: name=&quot;test:prepare-filesystem&quot;]; precursor=[]]]]]]]]]]]], test:compile=[Goal: name=&quot;test:compile&quot;]; precursor=[[Goal: name=&quot;java:compile&quot;]; precursor=[[Goal: name=&quot;java:prepare-filesystem&quot;]; precursor=[]]]], [Goal: name=&quot;java:jar-resources&quot;]; precursor=[]], [Goal: name=&quot;test:prepare-filesystem&quot;]; precursor=[]], [Goal: name=&quot;test:test-resources&quot;]; precursor=[[Goal: name=&quot;test:prepare-filesystem&quot;]; precursor=[]]]]]], xdoc:copy-resources=[Goal: name=&quot;xdoc:copy-resources&quot;]; precursor=[[Goal: name=&quot;xdoc:init&quot;]; precursor=[]]]], multiproject:create-overview-page=[Goal: name=&quot;multiproject:create-overview-page&quot;]; precursor=[[Goal: name=&quot;multiproject:site-init&quot;]; precursor=[[Goal: name=&quot;multiproject:projects-init&quot;]; precursor=[]]]]]], multiproject:install=[Goal: name=&quot;multiproject:install&quot;]; precursor=[]], multiproject:deploy-callback=[Goal: name=&quot;multiproject:deploy-callback&quot;]; precursor=[]], multiproject:artifact=[Goal: name=&quot;multiproject:artifact&quot;]; precursor=[]], test:ui=[Goal: name=&quot;test:ui&quot;]; precursor=[[Goal: name=&quot;test:compile&quot;]; precursor=[[Goal: name=&quot;java:compile&quot;]; precursor=[[Goal: name=&quot;java:prepare-filesystem&quot;]; precursor=[]]]], [Goal: name=&quot;java:jar-resources&quot;]; precursor=[]], [Goal: name=&quot;test:prepare-filesystem&quot;]; precursor=[]], [Goal: name=&quot;test:test-resources&quot;]; precursor=[[Goal: name=&quot;test:prepare-filesystem&quot;]; precursor=[]]]]]]]], multiproject:site=[Goal: name=&quot;multiproject:site&quot;]; precursor=[[Goal: name=&quot;multiproject:site-init&quot;]; precursor=[[Goal: name=&quot;multiproject:projects-init&quot;]; precursor=[]]]]]], multiproject:artifact-callback=[Goal: name=&quot;multiproject:artifact-callback&quot;]; precursor=[]], xdoc:copy-user-resources=[Goal: name=&quot;xdoc:copy-user-resources&quot;]; precursor=[[Goal: name=&quot;xdoc:init&quot;]; precursor=[]]]], pom:install-snapshot=[Goal: name=&quot;pom:install-snapshot&quot;]; precursor=[]], maven-license-plugin:deregister=[Goal: name=&quot;maven-license-plugin:deregister&quot;]; precursor=[]], jar=[Goal: name=&quot;jar&quot;]; precursor=[[Goal: name=&quot;jar:jar&quot;]; precursor=[[Goal: name=&quot;test:test&quot;]; precursor=[[Goal: name=&quot;test:compile&quot;]; precursor=[[Goal: name=&quot;java:compile&quot;]; precursor=[[Goal: name=&quot;java:prepare-filesystem&quot;]; precursor=[]]]], [Goal: name=&quot;java:jar-resources&quot;]; precursor=[]], [Goal: name=&quot;test:prepare-filesystem&quot;]; precursor=[]], [Goal: name=&quot;test:test-resources&quot;]; precursor=[[Goal: name=&quot;test:prepare-filesystem&quot;]; precursor=[]]]]]]]]]]]], pom:validate=[Goal: name=&quot;pom:validate&quot;]; precursor=[[Goal: name=&quot;pom:verify-version&quot;]; precursor=[]]]], multiproject=[Goal: name=&quot;multiproject&quot;]; precursor=[[Goal: name=&quot;multiproject:site&quot;]; precursor=[[Goal: name=&quot;multiproject:site-init&quot;]; precursor=[[Goal: name=&quot;multiproject:projects-init&quot;]; precursor=[]]]]]]]], test:match-test=[Goal: name=&quot;test:match-test&quot;]; precursor=[]], maven-multiproject-plugin:deregister=[Goal: name=&quot;maven-multiproject-plugin:deregister&quot;]; precursor=[]], java:prepare-filesystem=[Goal: name=&quot;java:prepare-filesystem&quot;]; precursor=[]], xdoc:register-reports=[Goal: name=&quot;xdoc:register-reports&quot;]; precursor=[]], pom:taglib=[Goal: name=&quot;pom:taglib&quot;]; precursor=[]], multiproject:install-callback=[Goal: name=&quot;multiproject:install-callback&quot;]; precursor=[]], antlr:prepare-filesystem=[Goal: name=&quot;antlr:prepare-filesystem&quot;]; precursor=[]], xdoc:dump-report-settings=[Goal: name=&quot;xdoc:dump-report-settings&quot;]; precursor=[]], site=[Goal: name=&quot;site&quot;]; precursor=[]], java:jar-resources=[Goal: name=&quot;java:jar-resources&quot;]; precursor=[]], test:eclipse=[Goal: name=&quot;test:eclipse&quot;]; precursor=[]], test:match=[Goal: name=&quot;test:match&quot;]; precursor=[[Goal: name=&quot;test:compile&quot;]; precursor=[[Goal: name=&quot;java:compile&quot;]; precursor=[[Goal: name=&quot;java:prepare-filesystem&quot;]; precursor=[]]]], [Goal: name=&quot;java:jar-resources&quot;]; precursor=[]], [Goal: name=&quot;test:prepare-filesystem&quot;]; precursor=[]], [Goal: name=&quot;test:test-resources&quot;]; precursor=[[Goal: name=&quot;test:prepare-filesystem&quot;]; precursor=[]]]]]]]], pom:verify-version=[Goal: name=&quot;pom:verify-version&quot;]; precursor=[]], antlr:generate=[Goal: name=&quot;antlr:generate&quot;]; precursor=[[Goal: name=&quot;antlr:prepare-filesystem&quot;]; precursor=[]]]], java:jar=[Goal: name=&quot;java:jar&quot;]; precursor=[[Goal: name=&quot;jar:jar&quot;]; precursor=[[Goal: name=&quot;test:test&quot;]; precursor=[[Goal: name=&quot;test:compile&quot;]; precursor=[[Goal: name=&quot;java:compile&quot;]; precursor=[[Goal: name=&quot;java:prepare-filesystem&quot;]; precursor=[]]]], [Goal: name=&quot;java:jar-resources&quot;]; precursor=[]], [Goal: name=&quot;test:prepare-filesystem&quot;]; precursor=[]], [Goal: name=&quot;test:test-resources&quot;]; precursor=[[Goal: name=&quot;test:prepare-filesystem&quot;]; precursor=[]]]]]]]]]]]], pom=[Goal: name=&quot;pom&quot;]; precursor=[[Goal: name=&quot;pom:validate&quot;]; precursor=[[Goal: name=&quot;pom:verify-version&quot;]; precursor=[]]]]]]};]"></property>
    <property name="java.awt.printerjob" value="sun.awt.windows.WPrinterJob"></property>
    <property name="forehead.conf.file" value="c:\opt\maven\1.0.2\bin\forehead.conf"></property>
    <property name="maven.final.name" value="cas-server-3.0-m1"></property>
    <property name="maven.jar.manifest" value="C:\opt\eclipse\workspace\cas3\core/conf/Manifest.mf"></property>
    <property name="maven.xdoc.distributionType" value="jar"></property>
    <property name="maven.test.failure" value="true"></property>
    <property name="maven.scp.executable" value="scp"></property>
    <property name="maven.docs.dest" value="C:\opt\eclipse\workspace\cas3\core/target/docs"></property>
    <property name="os.name" value="Windows XP"></property>
    <property name="java.specification.vendor" value="Sun Microsystems Inc."></property>
    <property name="maven.compile.verbose" value="true"></property>
    <property name="maven.docs.src" value="C:\opt\eclipse\workspace\cas3\core/xdocs"></property>
    <property name="java.vm.name" value="Java HotSpot(TM) Client VM"></property>
    <property name="java.library.path" value="C:\j2sdk1.4.2_05\bin;.;C:\WINDOWS\system32;C:\WINDOWS;C:\WINDOWS\system32;C:\WINDOWS;C:\WINDOWS\System32\Wbem;C:\Program Files\Common Files\Adaptec Shared\System;C:\Program Files\SSH Communications Security\SSH Secure Shell;c:\php;c:\j2sdk1.4.2_05\bin;c:\opt\maven\1.0.2\bin"></property>
    <property name="maven.build" value="MAVEN_BUILD_NOT_SET"></property>
    <property name="ant.java.version" value="1.4"></property>
    <property name="maven.war.src" value="C:\opt\eclipse\workspace\cas3\core/webapp"></property>
    <property name="maven.jar.compress" value="true"></property>
    <property name="maven.repo.acegi.group" value="acegisecurity"></property>
    <property name="basedir" value="C:\opt\eclipse\workspace\cas3\core"></property>
    <property name="maven.jar.override" value="on"></property>
    <property name="java.class.version" value="48.0"></property>
    <property name="maven.ant.generatebuild.file" value="yes"></property>
    <property name="maven.multiproject.site.goals" value="site,dashboard:report-single"></property>
    <property name="dir__" value="C:\opt\eclipse\workspace\cas3\core\src\test\javaX"></property>
    <property name="maven.html2xdoc.enabled" value="true"></property>
    <property name="maven.xdoc.poweredby.url" value="http://maven.apache.org/"></property>
    <property name="maven.final.dir" value="C:\opt\eclipse\workspace\cas3\core/cas-server-3.0-m1"></property>
    <property name="maven.xdoc.developmentProcessUrl" value="http://maven.apache.org/development-process.html"></property>
    <property name="maven.mode.online" value="true"></property>
    <property name="maven.test.dest" value="C:\opt\eclipse\workspace\cas3\core/target/test-classes"></property>
    <property name="maven.session.global" value="com.werken.werkz.jelly.JellySession@19f9d2"></property>
    <property name="maven.xmlOutput" value="org.apache.commons.jelly.XMLOutput$1@61a907[contentHandler=org.dom4j.io.XMLWriter@1a0225b;lexicalHandler=org.dom4j.io.XMLWriter@1a0225b]"></property>
    <property name="maven.test.skip" value="false"></property>
    <property name="maven.src.dir" value="C:\opt\eclipse\workspace\cas3\core/core/src/main/java"></property>
    <property name="sun.boot.library.path" value="C:\j2sdk1.4.2_05\jre\bin"></property>
    <property name="java.awt.graphicsenv" value="sun.awt.Win32GraphicsEnvironment"></property>
    <property name="user.variant" value=""></property>
    <property name="maven.multiproject.includes" value="core/project.xml,adapters/*/project.xml"></property>
    <property name="maven.junit.envvars" value=""></property>
    <property name="maven.compile.target" value="1.4"></property>
    <property name="maven.session" value="org.apache.maven.MavenSession@174d93a"></property>
    <property name="maven.xdoc.crumb.separator" value="|"></property>
    <property name="java.vm.specification.version" value="1.0"></property>
    <property name="pom" value="JA-SIG Central Authentication Service"></property>
    <property name="maven.test.reportsDirectory" value="C:\opt\eclipse\workspace\cas3\core/target/test-reports"></property>
    <property name="awt.toolkit" value="sun.awt.windows.WToolkit"></property>
    <property name="sun.cpu.isalist" value="pentium i486 i386"></property>
    <property name="maven.ant.project" value="org.apache.commons.grant.GrantProject@6504bc"></property>
    <property name="unitTestSourcesPresent" value="true"></property>
    <property name="maven.compile.source" value="1.4"></property>
    <property name="java.ext.dirs" value="C:\j2sdk1.4.2_05\jre\lib\ext"></property>
    <property name="os.version" value="5.1"></property>
    <property name="maven.jar.excludes" value="**/package.html"></property>
    <property name="user.home" value="C:\Documents and Settings\Scott"></property>
    <property name="java.vm.vendor" value="Sun Microsystems Inc."></property>
    <property name="javax.xml.parsers.DocumentBuilderFactory" value="org.apache.xerces.jaxp.DocumentBuilderFactoryImpl"></property>
    <property name="maven.xdoc.date.locale" value="en"></property>
    <property name="maven.xdoc.theme.url" value=""></property>
    <property name="user.dir" value="C:\opt\eclipse\workspace\cas3"></property>
    <property name="maven.artifact.manifest.extensions.add" value="false"></property>
    <property name="maven.xdoc.theme" value="theme"></property>
    <property name="maven.multiproject.aggregateDir" value="multiproject/"></property>
    <property name="maven.build.src" value="C:\opt\eclipse\workspace\cas3\core/target/src"></property>
    <property name="maven.multichanges.includes" value="core/project.xml,adapters/*/project.xml"></property>
    <property name="maven.distDirectory" value="C:\opt\eclipse\workspace\cas3\core/dist"></property>
    <property name="sun.cpu.endian" value="little"></property>
    <property name="project" value="org.apache.commons.grant.GrantProject@6504bc"></property>
    <property name="maven.defaults.loaded" value="true"></property>
    <property name="maven.username" value="USERNAME_NOT_SET"></property>
    <property name="maven.dashboard.includes" value="core/project.xml,adapters/*/project.xml"></property>
    <property name="maven.jar.clover-ant" value="1.3.3_01"></property>
    <property name="java.vm.version" value="1.4.2_05-b04"></property>
    <property name="java.class.path" value="c:\opt\maven\1.0.2\lib\forehead-1.0-beta-5.jar"></property>
    <property name="javax.xml.parsers.SAXParserFactory" value="org.apache.xerces.jaxp.SAXParserFactoryImpl"></property>
    <property name="maven.debugOn" value="false"></property>
    <property name="os.arch" value="x86"></property>
    <property name="maven.junit.jvmargs" value=""></property>
    <property name="maven.xdoc.distributionUrl" value="http://sourceforge.net/project/showfiles.php?group_id=104215"></property>
    <property name="maven.application.version" value="1.0.2"></property>
    <property name="maven.repo.remote" value="http://www.ibiblio.org/maven,http://acegisecurity.sourceforge.net/maven/"></property>
    <property name="maven.license.licenseFile" value="C:\opt\eclipse\workspace\cas3/LICENSE.txt"></property>
    <property name="java.vm.specification.vendor" value="Sun Microsystems Inc."></property>
    <property name="file.separator" value="\"></property>
    <property name="maven.gen.docs" value="C:\opt\eclipse\workspace\cas3\core/target/generated-xdocs"></property>
    <property name="maven.multiproject.overviewPage.linkTitle" value="Overview of project"></property>
    <property name="java.runtime.version" value="1.4.2_05-b04"></property>
    <property name="sun.boot.class.path" value="c:\opt\maven\1.0.2\lib\endorsed\xerces-2.4.0.jar;c:\opt\maven\1.0.2\lib\endorsed\xml-apis-1.0.b2.jar;C:\j2sdk1.4.2_05\jre\lib\rt.jar;C:\j2sdk1.4.2_05\jre\lib\i18n.jar;C:\j2sdk1.4.2_05\jre\lib\sunrsasign.jar;C:\j2sdk1.4.2_05\jre\lib\jsse.jar;C:\j2sdk1.4.2_05\jre\lib\jce.jar;C:\j2sdk1.4.2_05\jre\lib\charsets.jar;C:\j2sdk1.4.2_05\jre\classes"></property>
    <property name="maven.home.local" value="C:\Documents and Settings\Scott/.maven"></property>
    <property name="sun.java2d.fontpath" value=""></property>
    <property name="maven.clover.report.xml" value="true"></property>
    <property name="user.country" value="US"></property>
    <property name="maven.home" value="c:\opt\maven\1.0.2"></property>
    <property name="maven.antlr.src.dir" value="MAVEN_ANTLR_SRC_DIR_NOT_SET"></property>
    <property name="rootdirname" value="C:\opt\eclipse\workspace\cas3"></property>
    <property name="tools.jar" value="C:\j2sdk1.4.2_05\lib\tools.jar"></property>
    <property name="maven.distBuildDirectory" value="C:\opt\eclipse\workspace\cas3\core/target"></property>
    <property name="maven.multiproject.templates" value="/templates"></property>
    <property name="java.vendor" value="Sun Microsystems Inc."></property>
    <property name="maven.docs.outputencoding" value="ISO-8859-1"></property>
    <property name="java.specification.version" value="1.4"></property>
    <property name="maven.ui.navcol.width" value="20%"></property>
    <property name="sun.arch.data.model" value="32"></property>
  </properties>
  <testcase name="testSetGetUsername" time="0.0"></testcase>
  <testcase name="testSetGetPassword" time="0.0"></testcase>
  <system-out><![CDATA[]]></system-out>
  <system-err><![CDATA[]]></system-err>
</testsuite>
